<?xml version="1.0" encoding="UTF-8"?>
<!-- Generated by org.testng.reporters.JUnitReportReporter -->
<testsuite hostname="palmyra-atoll-7.dynamic2.rpi.edu" failures="0" tests="4" name="PriorityTest" time="0.011" errors="0" timestamp="2022-01-26T17:11:44 EST" skipped="0">
  <testcase classname="PriorityTest" name="c_method" time="0.007"/>
  <system-out/>
  <testcase classname="PriorityTest" name="d_method" time="0.001"/>
  <system-out/>
  <testcase classname="PriorityTest" name="a_method" time="0.001"/>
  <system-out/>
  <testcase classname="PriorityTest" name="b_method" time="0.002"/>
  <system-out/>
</testsuite> <!-- PriorityTest -->
