<?xml version="1.0" encoding="UTF-8"?>
<!-- Generated by org.testng.reporters.JUnitReportReporter -->
<testsuite hostname="Meghas-MBP.lan" failures="0" tests="2" name="ParametersTest" time="0.008" errors="0" timestamp="2022-07-29T02:35:12 EDT" skipped="0">
  <testcase classname="ParametersTest" name="Sum" time="0.001"/>
  <system-out/>
  <testcase classname="ParametersTest" name="Diff" time="0.007"/>
  <system-out/>
</testsuite> <!-- ParametersTest -->
