<?xml version="1.0" encoding="UTF-8"?>
<!-- Generated by org.testng.reporters.JUnitReportReporter -->
<testsuite hostname="Meghas-MBP.lan" failures="0" tests="5" name="SafariTestTestNG" time="2.674" errors="0" timestamp="2022-07-29T02:26:36 EDT" skipped="0">
  <testcase classname="SafariTestTestNG" name="testMethod" time="0.418"/>
  <system-out/>
  <testcase classname="SafariTestTestNG" name="testMethod" time="0.488"/>
  <system-out/>
  <testcase classname="SafariTestTestNG" name="testMethod" time="1.334"/>
  <system-out/>
  <testcase classname="SafariTestTestNG" name="navigateTest" time="0.236"/>
  <system-out/>
  <testcase classname="SafariTestTestNG" name="TestLabel" time="0.198"/>
  <system-out/>
</testsuite> <!-- SafariTestTestNG -->
