<?xml version="1.0" encoding="UTF-8"?>
<!-- Generated by org.testng.reporters.JUnitReportReporter -->
<testsuite hostname="Meghas-MBP.lan" failures="0" tests="1" name="api_tests.Test1API" time="2.692" errors="0" timestamp="2022-08-05T05:32:18 EDT" skipped="0">
  <testcase classname="api_tests.Test1API" name="jsonBlobGetTest" time="2.692"/>
  <system-out/>
</testsuite> <!-- api_tests.Test1API -->
