<?xml version="1.0" encoding="UTF-8"?>
<!-- Generated by org.testng.reporters.JUnitReportReporter -->
<testsuite hostname="batten-948.dynamic2.rpi.edu" failures="0" tests="1" name="RPIFormTests" time="1.432" errors="0" timestamp="2022-08-02T11:16:32 EDT" skipped="0">
  <testcase classname="RPIFormTests" name="navigateTestManagement" time="1.432"/>
  <system-out/>
</testsuite> <!-- RPIFormTests -->
