<?xml version="1.0" encoding="UTF-8"?>
<!-- Generated by org.testng.reporters.JUnitReportReporter -->
<testsuite hostname="batten-948.dynamic2.rpi.edu" failures="0" tests="1" name="AnnotationTest" time="0.009" errors="0" timestamp="2022-08-02T11:00:34 EDT" skipped="0">
  <testcase classname="AnnotationTest" name="testCase1" time="0.009"/>
  <system-out/>
</testsuite> <!-- AnnotationTest -->
