<?xml version="1.0" encoding="UTF-8"?>
<!-- Generated by org.testng.reporters.JUnitReportReporter -->
<testsuite hostname="Meghas-MBP.lan" failures="0" tests="2" name="DataProviderTest" time="0.008" errors="0" timestamp="2022-07-29T02:38:19 EDT" skipped="0">
  <testcase classname="DataProviderTest" name="myTest" time="0.001"/>
  <system-out/>
  <testcase classname="DataProviderTest" name="myTest" time="0.007"/>
  <system-out/>
</testsuite> <!-- DataProviderTest -->
